<?xml version="1.0" encoding="UTF-8"?>
<!-- Generated by org.testng.reporters.JUnitXMLReporter -->
<testsuite hostname="DESKTOP-7ALIB15" name="Default test" tests="3" failures="0" timestamp="22 May 2018 05:22:36 GMT" time="10.397" errors="0">
  <testcase name="TC_01_Check_Elements_Displayed" time="3.987" classname="selenium_api.Topic_03_Exercise_Browser_WebElement"/>
  <testcase name="TC_02_Check_Element_Enabled_andPrint" time="2.028" classname="selenium_api.Topic_03_Exercise_Browser_WebElement"/>
  <testcase name="TC_03_Check_Recheck_IsSelectedElements" time="0.983" classname="selenium_api.Topic_03_Exercise_Browser_WebElement"/>
</testsuite> <!-- Default test -->
